<?xml version="1.0" encoding="UTF-8"?>
<!-- Generated by org.testng.reporters.JUnitReportReporter -->
<testsuite skipped="0" hostname="KREDDIHA-8T49Q" name="Scripts.verifyloginPage" tests="1" failures="0" timestamp="2021-04-16T22:29:38 IST" time="35.598" errors="0">
  <testcase name="verifyLogin" time="35.598" classname="Scripts.verifyloginPage"/>
  <system-out/>
</testsuite> <!-- Scripts.verifyloginPage -->
